TN:
SF:calculadora.js
FN:1,somar
FN:12,subtrair
FN:17,multiplicar
FN:22,dividir
FNF:4
FNH:4
FNDA:2,somar
FNDA:1,subtrair
FNDA:1,multiplicar
FNDA:1,dividir
DA:3,2
DA:5,1
DA:6,1
DA:7,1
DA:9,1
DA:14,1
DA:19,1
DA:24,1
DA:27,1
LF:9
LH:9
BRDA:3,0,0,1
BRDA:3,0,1,1
BRF:2
BRH:2
end_of_record
TN:
SF:exercicio1.js
FN:1,calcularGasto
FNF:1
FNH:1
FNDA:5,calcularGasto
DA:7,5
DA:9,3
DA:11,2
DA:13,1
DA:17,1
DA:21,1
DA:23,1
LF:7
LH:7
BRDA:7,0,0,3
BRDA:7,0,1,2
BRDA:11,1,0,1
BRDA:11,1,1,1
BRF:4
BRH:4
end_of_record
